Autor: Julián Andrés Pacheco García
12/11/2023 11:40:43 p. m.
a =  258 = 258
a =  = 2
a =  8 = 12
a =  10 = 1440
a =  100 = 100
i =  1 = 1
for: i
j =  250 = 250
for: j
 250 + 2 % 0 250 + 2 % 0j =  250 = 250
for: j
 250 + 2 % 0 250 + 2 % 0 250 + 2 % 0j =  250 = 250
for: j
 250 + 2 % 0 250 + 2 % 0 250 + 2 % 0 250 + 2 % 0j =  250 = 250
for: j
 250 + 2 % 0i =  1 = 1
while: 
j =  250 = 250
while: 
 250 + 2 % 0j =  = 251
 250 + 2 % 0j =  = 252
i =  = 2
j =  250 = 250
while: 
 250 + 2 % 0j =  = 251
 250 + 2 % 0j =  = 252
 250 + 2 % 0j =  = 253
i =  = 3
j =  250 = 250
while: 
 250 + 2 % 0j =  = 251
 250 + 2 % 0j =  = 252
 250 + 2 % 0j =  = 253
 250 + 2 % 0j =  = 254
i =  = 4
j =  250 = 250
while: 
 250 + 2 % 0j =  = 254
i =  = 5
i =  1 = 1
do: 
j =  250 = 250
do: 
 2 % 0j =  = 251
 250 +i =  = 2
j =  250 = 250
do: 
 2 % 0j =  = 251
 250 + 2 % 0j =  = 252
 250 +i =  = 3
j =  250 = 250
do: 
 2 % 0j =  = 251
 250 + 2 % 0j =  = 252
 250 + 2 % 0j =  = 253
 250 +i =  = 4
-----------------
V a r i a b l e s
-----------------
altura Float = 3
i Float = 4
j Float = 253
k Float = 0
a Int = 100
b Int = 0
-----------------
